Using pre-set license
Built from '2020.3/staging' branch; Version is '2020.3.14f1 (d0d1bb862f9d) revision 13685179'; Using compiler version '192528614'; Build Type 'Release'
OS: 'Windows 10 Pro; OS build 19042.1348; Version 2009; 64bit' Language: 'ko' Physical Memory: 130992 MB
BatchMode: 1, IsHumanControllingUs: 0, StartBugReporterOnCrash: 0, Is64bit: 1, IsPro: 0

 COMMAND LINE ARGUMENTS:
C:\Program Files\2020.3.14f1\Editor\Unity.exe
-adb2
-batchMode
-noUpm
-name
AssetImportWorker0
-projectPath
D:/SourceTree/Project_Pirate/Project_BongPirate
-logFile
Logs/AssetImportWorker0.log
-srvPort
12646
Successfully changed project path to: D:/SourceTree/Project_Pirate/Project_BongPirate
D:/SourceTree/Project_Pirate/Project_BongPirate
Using Asset Import Pipeline V2.
Refreshing native plugins compatible for Editor in 39.11 ms, found 2 plugins.
Preloading 0 native plugins for Editor in 0.00 ms.
Initialize engine version: 2020.3.14f1 (d0d1bb862f9d)
[Subsystems] Discovering subsystems at path C:/Program Files/2020.3.14f1/Editor/Data/Resources/UnitySubsystems
[Subsystems] Discovering subsystems at path D:/SourceTree/Project_Pirate/Project_BongPirate/Assets
GfxDevice: creating device client; threaded=0
Direct3D:
    Version:  Direct3D 11.0 [level 11.1]
    Renderer: NVIDIA GeForce RTX 3080 (ID=0x2206)
    Vendor:   
    VRAM:     10078 MB
    Driver:   27.21.14.5709
Shader 'Universal Render Pipeline/Particles/Lit': fallback shader 'Universal Render Pipeline/Particles/SimpleLit' not found
Initialize mono
Mono path[0] = 'C:/Program Files/2020.3.14f1/Editor/Data/Managed'
Mono path[1] = 'C:/Program Files/2020.3.14f1/Editor/Data/MonoBleedingEdge/lib/mono/unityjit'
Mono config path = 'C:/Program Files/2020.3.14f1/Editor/Data/MonoBleedingEdge/etc'
Using monoOptions --debugger-agent=transport=dt_socket,embedding=1,server=y,suspend=n,address=127.0.0.1:56180
Begin MonoManager ReloadAssembly
Registering precompiled unity dll's ...
Register platform support module: C:/Program Files/2020.3.14f1/Editor/Data/PlaybackEngines/WindowsStandaloneSupport/UnityEditor.WindowsStandalone.Extensions.dll
Registered in 0.002470 seconds.
Native extension for WindowsStandalone target not found
Refreshing native plugins compatible for Editor in 38.96 ms, found 2 plugins.
Preloading 0 native plugins for Editor in 0.00 ms.
Mono: successfully reloaded assembly
- Completed reload, in  1.904 seconds
Domain Reload Profiling:
	ReloadAssembly (1904ms)
		BeginReloadAssembly (52ms)
			ExecutionOrderSort (0ms)
			DisableScriptedObjects (0ms)
			BackupInstance (0ms)
			ReleaseScriptingObjects (0ms)
			CreateAndSetChildDomain (1ms)
		EndReloadAssembly (341ms)
			LoadAssemblies (50ms)
			RebuildTransferFunctionScriptingTraits (0ms)
			SetupTypeCache (113ms)
			ReleaseScriptCaches (0ms)
			RebuildScriptCaches (26ms)
			SetupLoadedEditorAssemblies (138ms)
				LogAssemblyErrors (0ms)
				InitializePlatformSupportModulesInManaged (3ms)
				SetLoadedEditorAssemblies (0ms)
				RefreshPlugins (39ms)
				BeforeProcessingInitializeOnLoad (11ms)
				ProcessInitializeOnLoadAttributes (62ms)
				ProcessInitializeOnLoadMethodAttributes (21ms)
				AfterProcessingInitializeOnLoad (0ms)
				EditorAssembliesLoaded (0ms)
			ExecutionOrderSort2 (0ms)
			AwakeInstancesAfterBackupRestoration (0ms)
Platform modules already initialized, skipping
Registering precompiled user dll's ...
Registered in 0.004196 seconds.
Begin MonoManager ReloadAssembly
Native extension for WindowsStandalone target not found
Refreshing native plugins compatible for Editor in 39.58 ms, found 2 plugins.
Preloading 0 native plugins for Editor in 0.00 ms.
Mono: successfully reloaded assembly
- Completed reload, in  0.965 seconds
Domain Reload Profiling:
	ReloadAssembly (965ms)
		BeginReloadAssembly (123ms)
			ExecutionOrderSort (0ms)
			DisableScriptedObjects (4ms)
			BackupInstance (0ms)
			ReleaseScriptingObjects (0ms)
			CreateAndSetChildDomain (15ms)
		EndReloadAssembly (790ms)
			LoadAssemblies (82ms)
			RebuildTransferFunctionScriptingTraits (0ms)
			SetupTypeCache (246ms)
			ReleaseScriptCaches (0ms)
			RebuildScriptCaches (52ms)
			SetupLoadedEditorAssemblies (313ms)
				LogAssemblyErrors (0ms)
				InitializePlatformSupportModulesInManaged (3ms)
				SetLoadedEditorAssemblies (0ms)
				RefreshPlugins (40ms)
				BeforeProcessingInitializeOnLoad (87ms)
				ProcessInitializeOnLoadAttributes (168ms)
				ProcessInitializeOnLoadMethodAttributes (6ms)
				AfterProcessingInitializeOnLoad (8ms)
				EditorAssembliesLoaded (0ms)
			ExecutionOrderSort2 (0ms)
			AwakeInstancesAfterBackupRestoration (5ms)
Platform modules already initialized, skipping
========================================================================
Worker process is ready to serve import requests
Shader 'Universal Render Pipeline/Particles/Lit': fallback shader 'Universal Render Pipeline/Particles/SimpleLit' not found
Launched and connected shader compiler UnityShaderCompiler.exe after 0.03 seconds
Refreshing native plugins compatible for Editor in 0.47 ms, found 2 plugins.
Preloading 0 native plugins for Editor in 0.00 ms.
Unloading 2933 Unused Serialized files (Serialized files now loaded: 0)
System memory in use before: 132.2 MB.
System memory in use after: 132.4 MB.

Unloading 25 unused Assets to reduce memory usage. Loaded Objects now: 3369.
Total: 1.925000 ms (FindLiveObjects: 0.267700 ms CreateObjectMapping: 0.131200 ms MarkObjects: 1.459500 ms  DeleteObjects: 0.065900 ms)

AssetImportParameters requested are different than current active one (requested -> active):
  custom:framework-win-MediaFoundation: 216162199b28c13a410421893ffa2e32 -> 
  custom:video-decoder-ogg-theora: a1e56fd34408186e4bbccfd4996cb3dc -> 
  custom:container-muxer-webm: aa71ff27fc2769a1b78a27578f13a17b -> 
  custom:container-demuxer-webm: 4f35f7cbe854078d1ac9338744f61a02 -> 
  custom:container-demuxer-ogg: 62fdf1f143b41e24485cea50d1cbac27 -> 
  custom:video-encoder-webm-vp8: eb34c28f22e8b96e1ab97ce403110664 -> 
  custom:video-codec-MediaFoundation-h265: 746d11721c4dcdbdad8f713fa42b33f4 -> 
  custom:video-decoder-webm-vp8: 9c59270c3fd7afecdb556c50c9e8de78 -> 
  custom:audio-decoder-ogg-vorbis: bf7c407c2cedff20999df2af8eb42d56 -> 
  custom:audio-encoder-webm-vorbis: bf7c407c2cedff20999df2af8eb42d56 -> 
========================================================================
Received Import Request.
  path: Assets/Resources/Hook.prefab
  artifactKey: Guid(65ea778368b94e94e9aa2d6fa3e526e4) Importer(815301076,1909f56bfc062723c751e8b465ee728b)
Start importing Assets/Resources/Hook.prefab using Guid(65ea778368b94e94e9aa2d6fa3e526e4) Importer(815301076,1909f56bfc062723c751e8b465ee728b)  -> (artifact id: '853e7e5e26e682b3c439623ee43faecf') in 0.047303 seconds 
  Import took 0.051137 seconds .

========================================================================
Received Import Request.
  Time since last request: 0.000298 seconds.
  path: Assets/Resources/Raft.prefab
  artifactKey: Guid(f764f78f081d0e94e8ccc891905d7a8c) Importer(815301076,1909f56bfc062723c751e8b465ee728b)
Start importing Assets/Resources/Raft.prefab using Guid(f764f78f081d0e94e8ccc891905d7a8c) Importer(815301076,1909f56bfc062723c751e8b465ee728b)  -> (artifact id: '645e906cad0b8538e16ab08ed5e5f358') in 0.164309 seconds 
  Import took 0.168576 seconds .

========================================================================
Received Import Request.
  Time since last request: 0.000178 seconds.
  path: Assets/Resources/Wood.prefab
  artifactKey: Guid(d8806b13327669647bad36cddbab7673) Importer(815301076,1909f56bfc062723c751e8b465ee728b)
Start importing Assets/Resources/Wood.prefab using Guid(d8806b13327669647bad36cddbab7673) Importer(815301076,1909f56bfc062723c751e8b465ee728b)  -> (artifact id: '11fc1586319875c4e587293ca27c6238') in 0.014763 seconds 
  Import took 0.018374 seconds .

========================================================================
Received Import Request.
  Time since last request: 0.000168 seconds.
  path: Assets/Materials/FOV_Idle.mat
  artifactKey: Guid(721a845fd923a114e8d83c89d25bca12) Importer(815301076,1909f56bfc062723c751e8b465ee728b)
Start importing Assets/Materials/FOV_Idle.mat using Guid(721a845fd923a114e8d83c89d25bca12) Importer(815301076,1909f56bfc062723c751e8b465ee728b)  -> (artifact id: 'e80c87af7bd7ddd5b3c117baa8f573c1') in 0.096882 seconds 
  Import took 0.100513 seconds .

========================================================================
Received Import Request.
  Time since last request: 0.000217 seconds.
  path: Assets/Resources/AutoCannon_0.prefab
  artifactKey: Guid(272f39f5c88210240a55d8ffe21670c4) Importer(815301076,1909f56bfc062723c751e8b465ee728b)
Start importing Assets/Resources/AutoCannon_0.prefab using Guid(272f39f5c88210240a55d8ffe21670c4) Importer(815301076,1909f56bfc062723c751e8b465ee728b)  -> (artifact id: '3132bd5733fbc7540854fb679fbab9fb') in 0.018133 seconds 
  Import took 0.021621 seconds .

========================================================================
Received Import Request.
  Time since last request: 0.000213 seconds.
  path: Assets/Resources/Cannon_0.prefab
  artifactKey: Guid(04a483e0b6725f84ca3d8aa7c6463df5) Importer(815301076,1909f56bfc062723c751e8b465ee728b)
Start importing Assets/Resources/Cannon_0.prefab using Guid(04a483e0b6725f84ca3d8aa7c6463df5) Importer(815301076,1909f56bfc062723c751e8b465ee728b)  -> (artifact id: '03832c83cf40b7db315d516c3505a755') in 0.011391 seconds 
  Import took 0.015001 seconds .

========================================================================
Received Import Request.
  Time since last request: 0.000200 seconds.
  path: Assets/Resources/CannonBall.prefab
  artifactKey: Guid(e150693c4e9821d4c9487ba95d279456) Importer(815301076,1909f56bfc062723c751e8b465ee728b)
Start importing Assets/Resources/CannonBall.prefab using Guid(e150693c4e9821d4c9487ba95d279456) Importer(815301076,1909f56bfc062723c751e8b465ee728b)  -> (artifact id: '72c8c1e2525e9eb08bdb226b4fd191b4') in 0.038236 seconds 
  Import took 0.042065 seconds .

========================================================================
Received Import Request.
  Time since last request: 0.000174 seconds.
  path: Assets/Resources/Cursor.prefab
  artifactKey: Guid(27dc6451a2a7c344e905e3487bf7c060) Importer(815301076,1909f56bfc062723c751e8b465ee728b)
Start importing Assets/Resources/Cursor.prefab using Guid(27dc6451a2a7c344e905e3487bf7c060) Importer(815301076,1909f56bfc062723c751e8b465ee728b)  -> (artifact id: '86de3a411943c0122a40b65e4cd5a053') in 0.007504 seconds 
  Import took 0.011226 seconds .

========================================================================
Received Import Request.
  Time since last request: 0.000205 seconds.
  path: Assets/Image/High_Circle.png
  artifactKey: Guid(a4c82d2cf48c4c34c9c0c482268d3935) Importer(815301076,1909f56bfc062723c751e8b465ee728b)
Start importing Assets/Image/High_Circle.png using Guid(a4c82d2cf48c4c34c9c0c482268d3935) Importer(815301076,1909f56bfc062723c751e8b465ee728b)  -> (artifact id: '72d9ca827d4b35c97bc1a1495b19ec48') in 0.068324 seconds 
  Import took 0.072034 seconds .

========================================================================
Received Import Request.
  Time since last request: 0.000226 seconds.
  path: Assets/Materials/FOV_Targeting.mat
  artifactKey: Guid(3d435042a5d5e77478741f8a82966bc2) Importer(815301076,1909f56bfc062723c751e8b465ee728b)
Start importing Assets/Materials/FOV_Targeting.mat using Guid(3d435042a5d5e77478741f8a82966bc2) Importer(815301076,1909f56bfc062723c751e8b465ee728b)  -> (artifact id: '507ac76e25fd72686e4dff19c7fb34da') in 0.008826 seconds 
  Import took 0.012321 seconds .

========================================================================
Received Import Request.
  Time since last request: 0.000193 seconds.
  path: Assets/Resources/Rock.prefab
  artifactKey: Guid(b48f5690e349cc84885f9276fece3c2e) Importer(815301076,1909f56bfc062723c751e8b465ee728b)
Start importing Assets/Resources/Rock.prefab using Guid(b48f5690e349cc84885f9276fece3c2e) Importer(815301076,1909f56bfc062723c751e8b465ee728b)  -> (artifact id: 'f6cae5d0b8461f252686f0ec3816497f') in 0.009077 seconds 
  Import took 0.012678 seconds .

========================================================================
Received Import Request.
  Time since last request: 0.000171 seconds.
  path: Assets/Image/조타.png
  artifactKey: Guid(31598aaac10bc2f44850da81ac3786c9) Importer(815301076,1909f56bfc062723c751e8b465ee728b)
Start importing Assets/Image/조타.png using Guid(31598aaac10bc2f44850da81ac3786c9) Importer(815301076,1909f56bfc062723c751e8b465ee728b)  -> (artifact id: '40dd1c6787ed354eac7a521974b4e49d') in 0.013945 seconds 
  Import took 0.017628 seconds .

========================================================================
Received Import Request.
  Time since last request: 0.000227 seconds.
  path: Assets/Scenes/GameScene.unity
  artifactKey: Guid(9fc0d4010bbf28b4594072e72b8655ab) Importer(815301076,1909f56bfc062723c751e8b465ee728b)
Start importing Assets/Scenes/GameScene.unity using Guid(9fc0d4010bbf28b4594072e72b8655ab) Importer(815301076,1909f56bfc062723c751e8b465ee728b)  -> (artifact id: '002fb81da9ddc729198a92f5c614dd5c') in 0.004510 seconds 
  Import took 0.008636 seconds .

========================================================================
Received Prepare
Registering precompiled user dll's ...
Registered in 0.006345 seconds.
Begin MonoManager ReloadAssembly
Native extension for WindowsStandalone target not found
Refreshing native plugins compatible for Editor in 0.50 ms, found 2 plugins.
Preloading 0 native plugins for Editor in 0.00 ms.
Mono: successfully reloaded assembly
- Completed reload, in  0.940 seconds
Domain Reload Profiling:
	ReloadAssembly (940ms)
		BeginReloadAssembly (124ms)
			ExecutionOrderSort (0ms)
			DisableScriptedObjects (5ms)
			BackupInstance (0ms)
			ReleaseScriptingObjects (0ms)
			CreateAndSetChildDomain (33ms)
		EndReloadAssembly (762ms)
			LoadAssemblies (88ms)
			RebuildTransferFunctionScriptingTraits (0ms)
			SetupTypeCache (249ms)
			ReleaseScriptCaches (1ms)
			RebuildScriptCaches (38ms)
			SetupLoadedEditorAssemblies (281ms)
				LogAssemblyErrors (0ms)
				InitializePlatformSupportModulesInManaged (4ms)
				SetLoadedEditorAssemblies (0ms)
				RefreshPlugins (1ms)
				BeforeProcessingInitializeOnLoad (85ms)
				ProcessInitializeOnLoadAttributes (175ms)
				ProcessInitializeOnLoadMethodAttributes (5ms)
				AfterProcessingInitializeOnLoad (10ms)
				EditorAssembliesLoaded (0ms)
			ExecutionOrderSort2 (0ms)
			AwakeInstancesAfterBackupRestoration (14ms)
Platform modules already initialized, skipping
Shader 'Universal Render Pipeline/Particles/Lit': fallback shader 'Universal Render Pipeline/Particles/SimpleLit' not found
Refreshing native plugins compatible for Editor in 0.49 ms, found 2 plugins.
Preloading 0 native plugins for Editor in 0.00 ms.
Unloading 2822 Unused Serialized files (Serialized files now loaded: 0)
System memory in use before: 130.6 MB.
System memory in use after: 130.9 MB.

Unloading 21 unused Assets to reduce memory usage. Loaded Objects now: 3457.
Total: 2.048200 ms (FindLiveObjects: 0.329800 ms CreateObjectMapping: 0.155700 ms MarkObjects: 1.531300 ms  DeleteObjects: 0.030600 ms)

AssetImportParameters requested are different than current active one (requested -> active):
  custom:framework-win-MediaFoundation: 216162199b28c13a410421893ffa2e32 -> 
  custom:video-decoder-ogg-theora: a1e56fd34408186e4bbccfd4996cb3dc -> 
  custom:container-muxer-webm: aa71ff27fc2769a1b78a27578f13a17b -> 
  custom:container-demuxer-webm: 4f35f7cbe854078d1ac9338744f61a02 -> 
  custom:container-demuxer-ogg: 62fdf1f143b41e24485cea50d1cbac27 -> 
  custom:video-encoder-webm-vp8: eb34c28f22e8b96e1ab97ce403110664 -> 
  custom:video-codec-MediaFoundation-h265: 746d11721c4dcdbdad8f713fa42b33f4 -> 
  custom:video-decoder-webm-vp8: 9c59270c3fd7afecdb556c50c9e8de78 -> 
  custom:audio-decoder-ogg-vorbis: bf7c407c2cedff20999df2af8eb42d56 -> 
  custom:audio-encoder-webm-vorbis: bf7c407c2cedff20999df2af8eb42d56 -> 
========================================================================
Received Import Request.
  Time since last request: 71.373164 seconds.
  path: Assets/Resources/Raft.prefab
  artifactKey: Guid(f764f78f081d0e94e8ccc891905d7a8c) Importer(815301076,1909f56bfc062723c751e8b465ee728b)
Start importing Assets/Resources/Raft.prefab using Guid(f764f78f081d0e94e8ccc891905d7a8c) Importer(815301076,1909f56bfc062723c751e8b465ee728b)  -> (artifact id: '89ebbd3e8de9280245d5ce9ca2a112b7') in 0.150267 seconds 
  Import took 0.154324 seconds .

========================================================================
Received Import Request.
  Time since last request: 20.367436 seconds.
  path: Assets/Resources/Raft.prefab
  artifactKey: Guid(f764f78f081d0e94e8ccc891905d7a8c) Importer(815301076,1909f56bfc062723c751e8b465ee728b)
Start importing Assets/Resources/Raft.prefab using Guid(f764f78f081d0e94e8ccc891905d7a8c) Importer(815301076,1909f56bfc062723c751e8b465ee728b)  -> (artifact id: '8c966915129b25048a14e4d0aaef8456') in 0.008145 seconds 
  Import took 0.012055 seconds .

========================================================================
Received Import Request.
  Time since last request: 29.150111 seconds.
  path: Assets/Assets/RabitPirate/KakaoTalk_20211022_172215230.mp4
  artifactKey: Guid(19459943ee571fe469dae0f7df595385) Importer(815301076,1909f56bfc062723c751e8b465ee728b)
Start importing Assets/Assets/RabitPirate/KakaoTalk_20211022_172215230.mp4 using Guid(19459943ee571fe469dae0f7df595385) Importer(815301076,1909f56bfc062723c751e8b465ee728b)  -> (artifact id: '5029ea6ad270c55563283d905b94aeae') in 0.035832 seconds 
  Import took 0.039532 seconds .

========================================================================
Received Import Request.
  Time since last request: 7.539784 seconds.
  path: Assets/Resources/Texture/Island.mat
  artifactKey: Guid(71096b69393d0564faf38792829e3485) Importer(815301076,1909f56bfc062723c751e8b465ee728b)
Start importing Assets/Resources/Texture/Island.mat using Guid(71096b69393d0564faf38792829e3485) Importer(815301076,1909f56bfc062723c751e8b465ee728b)  -> (artifact id: '80ac2c163f2b4aca0e275a71344d5cb1') in 0.018943 seconds 
  Import took 0.022638 seconds .

========================================================================
Received Import Request.
  Time since last request: 0.000166 seconds.
  path: Assets/Resources/Texture/Wood.mat
  artifactKey: Guid(b852d9669eb0f5e47a9d999a6d4a0d4a) Importer(815301076,1909f56bfc062723c751e8b465ee728b)
Start importing Assets/Resources/Texture/Wood.mat using Guid(b852d9669eb0f5e47a9d999a6d4a0d4a) Importer(815301076,1909f56bfc062723c751e8b465ee728b)  -> (artifact id: 'f078260dc85fcb9335d2b7357c5db0fd') in 0.009181 seconds 
  Import took 0.012699 seconds .

========================================================================
Received Import Request.
  Time since last request: 0.000195 seconds.
  path: Assets/Resources/Texture/Rcok.mat
  artifactKey: Guid(c2266bde46cbf324db316884f49ed776) Importer(815301076,1909f56bfc062723c751e8b465ee728b)
Start importing Assets/Resources/Texture/Rcok.mat using Guid(c2266bde46cbf324db316884f49ed776) Importer(815301076,1909f56bfc062723c751e8b465ee728b)  -> (artifact id: 'cd011a6ee9421465956621b75ef7b9dc') in 0.008953 seconds 
  Import took 0.012416 seconds .

========================================================================
Received Import Request.
  Time since last request: 9.151968 seconds.
  path: Assets/Scenes/Lobby/LightingData.asset
  artifactKey: Guid(fec28e0bd87359a4aab48c26af89f0fe) Importer(815301076,1909f56bfc062723c751e8b465ee728b)
Start importing Assets/Scenes/Lobby/LightingData.asset using Guid(fec28e0bd87359a4aab48c26af89f0fe) Importer(815301076,1909f56bfc062723c751e8b465ee728b)  -> (artifact id: 'b492b920ad22eb6fca8fd46ca3e41b29') in 0.008845 seconds 
  Import took 0.012700 seconds .

========================================================================
Received Import Request.
  Time since last request: 0.000193 seconds.
  path: Assets/Scenes/Lobby/ReflectionProbe-0.exr
  artifactKey: Guid(c2ad68283ccb4e644b440704d6270416) Importer(815301076,1909f56bfc062723c751e8b465ee728b)
Start importing Assets/Scenes/Lobby/ReflectionProbe-0.exr using Guid(c2ad68283ccb4e644b440704d6270416) Importer(815301076,1909f56bfc062723c751e8b465ee728b)  -> (artifact id: 'e5b9d32663e39a0e263aec1668dbcd44') in 0.008039 seconds 
  Import took 0.011546 seconds .

========================================================================
Received Import Request.
  Time since last request: 1.543095 seconds.
  path: Assets/Scenes/GameScene/LightingData.asset
  artifactKey: Guid(57846c50c533d344386991404159b6d2) Importer(815301076,1909f56bfc062723c751e8b465ee728b)
Start importing Assets/Scenes/GameScene/LightingData.asset using Guid(57846c50c533d344386991404159b6d2) Importer(815301076,1909f56bfc062723c751e8b465ee728b)  -> (artifact id: '88a3a9b6353486e51a435271888fe790') in 0.001883 seconds 
  Import took 0.005843 seconds .

========================================================================
Received Import Request.
  Time since last request: 0.000184 seconds.
  path: Assets/Scenes/GameScene/ReflectionProbe-0.exr
  artifactKey: Guid(da1154cbeb5e40245a0076b9ffaa7455) Importer(815301076,1909f56bfc062723c751e8b465ee728b)
Start importing Assets/Scenes/GameScene/ReflectionProbe-0.exr using Guid(da1154cbeb5e40245a0076b9ffaa7455) Importer(815301076,1909f56bfc062723c751e8b465ee728b)  -> (artifact id: '9edeecca4086dd9cfd4a0049285736ba') in 0.001487 seconds 
  Import took 0.005155 seconds .

